<?xml version="1.0" encoding="UTF-8"?>
<testng-results skipped="0" failed="0" ignored="0" total="1" passed="1">
  <reporter-output>
  </reporter-output>
  <suite name="Default suite" duration-ms="10156" started-at="2020-11-22T11:47:26 IST" finished-at="2020-11-22T11:47:37 IST">
    <groups>
    </groups>
    <test name="Default test" duration-ms="10156" started-at="2020-11-22T11:47:26 IST" finished-at="2020-11-22T11:47:37 IST">
      <class name="testCases.EndToEndTestCase">
        <test-method status="PASS" signature="browserSetup()[pri:0, instance:testCases.EndToEndTestCase@5a1c0542]" name="browserSetup" is-config="true" duration-ms="17112" started-at="2020-11-22T11:47:09 IST" finished-at="2020-11-22T11:47:26 IST">
          <reporter-output>
          </reporter-output>
        </test-method> <!-- browserSetup -->
        <test-method status="PASS" signature="testStatus()[pri:0, instance:testCases.EndToEndTestCase@5a1c0542]" name="testStatus" is-config="true" duration-ms="1" started-at="2020-11-22T11:47:27 IST" finished-at="2020-11-22T11:47:27 IST">
          <reporter-output>
          </reporter-output>
        </test-method> <!-- testStatus -->
        <test-method status="PASS" signature="runnerTest()[pri:0, instance:testCases.EndToEndTestCase@5a1c0542]" name="runnerTest" duration-ms="10074" started-at="2020-11-22T11:47:27 IST" finished-at="2020-11-22T11:47:37 IST">
          <reporter-output>
          </reporter-output>
        </test-method> <!-- runnerTest -->
        <test-method status="PASS" signature="afterTest()[pri:0, instance:testCases.EndToEndTestCase@5a1c0542]" name="afterTest" is-config="true" duration-ms="2" started-at="2020-11-22T11:47:37 IST" finished-at="2020-11-22T11:47:37 IST">
          <reporter-output>
          </reporter-output>
        </test-method> <!-- afterTest -->
        <test-method status="PASS" signature="browserClose()[pri:0, instance:testCases.EndToEndTestCase@5a1c0542]" name="browserClose" is-config="true" duration-ms="203" started-at="2020-11-22T11:47:37 IST" finished-at="2020-11-22T11:47:37 IST">
          <reporter-output>
          </reporter-output>
        </test-method> <!-- browserClose -->
      </class> <!-- testCases.EndToEndTestCase -->
    </test> <!-- Default test -->
  </suite> <!-- Default suite -->
</testng-results>
